<?xml version="1.0" encoding="UTF-8"?>
<!-- Generated by org.testng.reporters.JUnitReportReporter -->
<testsuite hostname="DESKTOP-KFN922T" failures="0" tests="1" name="com.assignment_NewsLetter.NewsLetterFormThroughDDT" time="21.765" errors="0" timestamp="2023-09-16T20:37:58 IST" skipped="0">
  <testcase classname="com.assignment_NewsLetter.NewsLetterFormThroughDDT" name="verifyNewsletterFormThroughtDDt" time="21.765"/>
  <system-out/>
</testsuite> <!-- com.assignment_NewsLetter.NewsLetterFormThroughDDT -->
