<?xml version="1.0" encoding="UTF-8"?>
<!-- Generated by org.testng.reporters.JUnitReportReporter -->
<testsuite hostname="DESKTOP-KFN922T" failures="0" tests="1" name="com.assignment_NewsLetter.NameFieldVlidation" time="12.316" errors="0" timestamp="2023-09-16T20:43:27 IST" skipped="0">
  <testcase classname="com.assignment_NewsLetter.NameFieldVlidation" name="verifyNameWithNumber" time="12.316"/>
  <system-out/>
</testsuite> <!-- com.assignment_NewsLetter.NameFieldVlidation -->
