<?xml version="1.0" encoding="UTF-8"?>
<!-- Generated by org.testng.reporters.JUnitReportReporter -->
<testsuite hostname="DESKTOP-KFN922T" failures="0" tests="1" name="com.assignment_NewsLetter.ElementsDisplay" time="9.143" errors="0" timestamp="2023-09-15T18:21:11 IST" skipped="0">
  <testcase classname="com.assignment_NewsLetter.ElementsDisplay" name="verifyElementsPresent" time="9.143"/>
  <system-out/>
</testsuite> <!-- com.assignment_NewsLetter.ElementsDisplay -->
